============================= test session starts ==============================
platform linux -- Python 3.12.3, pytest-9.0.3, pluggy-1.6.0 -- /home/muhammad-mohid-abbas/Desktop/Hanan/GitHub/Operonix/operonix/bin/python3
cachedir: .pytest_cache
rootdir: /home/muhammad-mohid-abbas/Desktop/Hanan/GitHub/Operonix
plugins: asyncio-1.3.0, langsmith-0.12.5, anyio-4.13.0
asyncio: mode=Mode.STRICT, debug=False, asyncio_default_fixture_loop_scope=None, asyncio_default_test_loop_scope=function
collecting ... collected 613 items

tests/test_ai_integration.py::test_model_service_can_be_imported PASSED
tests/test_ai_integration.py::test_model_service_instance_exists PASSED
tests/test_ai_integration.py::test_model_service_provider_detection PASSED
tests/test_ai_integration.py::test_model_service_get_provider_info PASSED
tests/test_ai_integration.py::test_model_service_is_available PASSED
tests/test_ai_integration.py::test_model_service_chat_completion_stub PASSED
tests/test_ai_integration.py::test_model_service_structured_output_stub PASSED
tests/test_ai_integration.py::test_langchain_adapter_can_be_imported PASSED
tests/test_ai_integration.py::test_langchain_adapter_can_be_instantiated PASSED
tests/test_ai_integration.py::test_langchain_adapter_is_available PASSED
tests/test_ai_integration.py::test_langchain_adapter_invoke_stub PASSED
tests/test_ai_integration.py::test_langchain_adapter_structured_stub PASSED
tests/test_ai_integration.py::test_analyze_intent_node_exists PASSED
tests/test_ai_integration.py::test_analyze_intent_node_with_state PASSED
tests/test_ai_integration.py::test_analyze_intent_node_creates_intent_result PASSED
tests/test_ai_integration.py::test_ai_package_structure PASSED
tests/test_ai_integration.py::test_models_package_structure PASSED
tests/test_ai_integration.py::test_node_sequence_with_intent PASSED
tests/test_ai_integration.py::test_provider_independence PASSED
tests/test_ai_integration.py::test_analyze_intent_with_langchain_enabled PASSED
tests/test_ai_integration.py::test_analyze_intent_with_langchain_disabled PASSED
tests/test_ai_integration.py::test_analyze_intent_keyword_fallback_firefox PASSED
tests/test_ai_integration.py::test_analyze_intent_keyword_fallback_chrome PASSED
tests/test_ai_integration.py::test_analyze_intent_bridge_keyword PASSED
tests/test_ai_integration.py::test_analyze_intent_deterministic_resolution PASSED
tests/test_ai_integration.py::test_analyze_intent_confidence_range PASSED
tests/test_ai_integration.py::test_analyze_intent_parameters_preserved PASSED
tests/test_ai_integration.py::test_use_langchain_models_flag_exists PASSED
tests/test_cancel_node.py::test_cancel_node_exists PASSED
tests/test_cancel_node.py::test_cancellation_service_exists PASSED
tests/test_cancel_node.py::test_cancel_node_with_user_cancellation PASSED
tests/test_cancel_node.py::test_cancel_node_with_timeout_cancellation PASSED
tests/test_cancel_node.py::test_cancel_node_with_system_error_cancellation PASSED
tests/test_cancel_node.py::test_cancel_node_creates_final_result PASSED
tests/test_cancel_node.py::test_cancel_node_history_tracking PASSED
tests/test_cancel_node.py::test_cancel_node_without_cancellation PASSED
tests/test_cancel_node.py::test_cancel_node_cleanup_performed PASSED
tests/test_cancel_node.py::test_cancel_node_rollback_performed PASSED
tests/test_cancel_node.py::test_cancel_node_trace_collection PASSED
tests/test_cancel_node.py::test_abort_semantics_user_requested PASSED
tests/test_cancel_node.py::test_abort_semantics_timeout PASSED
tests/test_cancel_node.py::test_abort_semantics_system_error PASSED
tests/test_cancel_node.py::test_abort_semantics_resource_contention PASSED
tests/test_cancel_node.py::test_abort_semantics_safe_abort PASSED
tests/test_cancel_node.py::test_cancellation_service_request_cancellation PASSED
tests/test_cancel_node.py::test_cancellation_service_get_cancellation PASSED
tests/test_cancellation_timeout_resource.py::test_timeout_config_domain_object PASSED
tests/test_cancellation_timeout_resource.py::test_timeout_config_defaults PASSED
tests/test_cancellation_timeout_resource.py::test_cancellation_request_domain_object PASSED
tests/test_cancellation_timeout_resource.py::test_cancellation_reason_enum PASSED
tests/test_cancellation_timeout_resource.py::test_timeout_manager_init PASSED
tests/test_cancellation_timeout_resource.py::test_timeout_manager_with_custom_config PASSED
tests/test_cancellation_timeout_resource.py::test_start_operation_timeout PASSED
tests/test_cancellation_timeout_resource.py::test_start_step_timeout PASSED
tests/test_cancellation_timeout_resource.py::test_start_task_timeout PASSED
tests/test_cancellation_timeout_resource.py::test_start_watchdog_timeout PASSED
tests/test_cancellation_timeout_resource.py::test_cancel_timeout PASSED
tests/test_cancellation_timeout_resource.py::test_cancel_all_timeouts_for_task PASSED
tests/test_cancellation_timeout_resource.py::test_cancellation_service_init PASSED
tests/test_cancellation_timeout_resource.py::test_request_cancellation PASSED
tests/test_cancellation_timeout_resource.py::test_cancel_workflow PASSED
tests/test_cancellation_timeout_resource.py::test_handle_user_cancellation PASSED
tests/test_cancellation_timeout_resource.py::test_handle_timeout_cancellation PASSED
tests/test_cancellation_timeout_resource.py::test_handle_resource_contention PASSED
tests/test_cancellation_timeout_resource.py::test_abort_semantics_determination PASSED
tests/test_cancellation_timeout_resource.py::test_abort_decision_domain_object PASSED
tests/test_cancellation_timeout_resource.py::test_abort_semantics_enum PASSED
tests/test_cancellation_timeout_resource.py::test_resource_ownership_domain_object PASSED
tests/test_cancellation_timeout_resource.py::test_resource_type_enum PASSED
tests/test_cancellation_timeout_resource.py::test_resource_manager_init PASSED
tests/test_cancellation_timeout_resource.py::test_acquire_resource PASSED
tests/test_cancellation_timeout_resource.py::test_acquire_resource_with_identifier PASSED
tests/test_cancellation_timeout_resource.py::test_acquire_resource_with_expiration PASSED
tests/test_cancellation_timeout_resource.py::test_acquire_locked_resource PASSED
tests/test_cancellation_timeout_resource.py::test_release_resource PASSED
tests/test_cancellation_timeout_resource.py::test_release_all_resources_for_task PASSED
tests/test_cancellation_timeout_resource.py::test_check_resource_availability PASSED
tests/test_cancellation_timeout_resource.py::test_get_active_ownerships PASSED
tests/test_cancellation_timeout_resource.py::test_get_resource_locks PASSED
tests/test_cancellation_timeout_resource.py::test_graph_conditional_routing_cancelled PASSED
tests/test_cancellation_timeout_resource.py::test_graph_conditional_routing_not_cancelled_verified PASSED
tests/test_cancellation_timeout_resource.py::test_recovery_target_with_cancellation PASSED
tests/test_candidate_based_routing.py::test_candidate_type_enum PASSED
tests/test_candidate_based_routing.py::test_candidate_domain_object PASSED
tests/test_candidate_based_routing.py::test_candidate_with_evaluation_metrics PASSED
tests/test_candidate_based_routing.py::test_candidate_overall_score_calculation PASSED
tests/test_candidate_based_routing.py::test_candidate_evaluation_domain_object PASSED
tests/test_candidate_based_routing.py::test_candidate_evaluation_with_constraint_violations PASSED
tests/test_candidate_based_routing.py::test_ranking_policy_domain_object PASSED
tests/test_candidate_based_routing.py::test_ranking_policy_custom_weights PASSED
tests/test_candidate_based_routing.py::test_routing_decision_domain_object PASSED
tests/test_candidate_based_routing.py::test_routing_decision_with_candidates_considered PASSED
tests/test_candidate_based_routing.py::test_candidate_discovery_service_init PASSED
tests/test_candidate_based_routing.py::test_candidate_discovery_register_plugin PASSED
tests/test_candidate_based_routing.py::test_candidate_discovery_register_api PASSED
tests/test_candidate_based_routing.py::test_candidate_discovery_discover_shell_candidates PASSED
tests/test_candidate_based_routing.py::test_candidate_discovery_discover_api_candidates PASSED
tests/test_candidate_based_routing.py::test_candidate_discovery_discover_ui_candidates PASSED
tests/test_candidate_based_routing.py::test_candidate_evaluation_service_init PASSED
tests/test_candidate_based_routing.py::test_candidate_evaluation_evaluate_candidates PASSED
tests/test_candidate_based_routing.py::test_candidate_evaluation_capability_fit PASSED
tests/test_candidate_based_routing.py::test_candidate_evaluation_context_fit PASSED
tests/test_candidate_based_routing.py::test_candidate_evaluation_constraints PASSED
tests/test_candidate_based_routing.py::test_candidate_evaluation_update_historical_data PASSED
tests/test_candidate_based_routing.py::test_ranking_policy_service_init PASSED
tests/test_candidate_based_routing.py::test_ranking_policy_rank_candidates PASSED
tests/test_candidate_based_routing.py::test_ranking_policy_filter_constraints PASSED
tests/test_candidate_based_routing.py::test_ranking_policy_make_routing_decision PASSED
tests/test_candidate_based_routing.py::test_ranking_policy_below_threshold PASSED
tests/test_candidate_based_routing.py::test_ranking_policy_create_custom_policy PASSED
tests/test_candidate_based_routing.py::test_route_node_uses_candidate_based_routing PASSED
tests/test_candidate_based_routing.py::test_route_node_fallback_on_error PASSED
tests/test_candidate_based_routing.py::test_convert_to_method_decision PASSED
tests/test_checkpointing_pause_resume.py::test_checkpointing_service_init PASSED
tests/test_checkpointing_pause_resume.py::test_create_checkpoint PASSED
tests/test_checkpointing_pause_resume.py::test_persist_checkpoint PASSED
tests/test_checkpointing_pause_resume.py::test_load_checkpoint PASSED
tests/test_checkpointing_pause_resume.py::test_restore_state PASSED
tests/test_checkpointing_pause_resume.py::test_get_latest_checkpoint PASSED
tests/test_checkpointing_pause_resume.py::test_delete_checkpoint PASSED
tests/test_checkpointing_pause_resume.py::test_delete_task_checkpoints PASSED
tests/test_checkpointing_pause_resume.py::test_checkpoint_state_domain_object PASSED
tests/test_checkpointing_pause_resume.py::test_human_intervention_domain_object PASSED
tests/test_checkpointing_pause_resume.py::test_human_intervention_type_enum PASSED
tests/test_checkpointing_pause_resume.py::test_human_intervention_with_response PASSED
tests/test_checkpointing_pause_resume.py::test_confirmation_node_import PASSED
tests/test_checkpointing_pause_resume.py::test_confirmation_node_creates_intervention PASSED
tests/test_checkpointing_pause_resume.py::test_confirmation_node_creates_checkpoint PASSED
tests/test_checkpointing_pause_resume.py::test_confirmation_node_pauses_graph PASSED
tests/test_checkpointing_pause_resume.py::test_resume_from_confirmation PASSED
tests/test_checkpointing_pause_resume.py::test_confirmation_node_history_tracking PASSED
tests/test_checkpointing_pause_resume.py::test_graph_conditional_routing_confirmation_required PASSED
tests/test_checkpointing_pause_resume.py::test_graph_conditional_routing_no_confirmation_required PASSED
tests/test_checkpointing_pause_resume.py::test_graph_conditional_routing_no_safety_decision PASSED
tests/test_checkpointing_pause_resume.py::test_safety_check_stub SKIPPED
tests/test_checkpointing_pause_resume.py::test_safety_check_stub_can_set_confirmation_required SKIPPED
tests/test_checkpointing_service.py::test_checkpointing_service_exists PASSED
tests/test_checkpointing_service.py::test_checkpointing_service_instantiation PASSED
tests/test_checkpointing_service.py::test_get_checkpointing_service PASSED
tests/test_checkpointing_service.py::test_create_checkpoint PASSED
tests/test_checkpointing_service.py::test_load_checkpoint PASSED
tests/test_checkpointing_service.py::test_restore_state PASSED
tests/test_checkpointing_service.py::test_checkpoint_directory_creation PASSED
tests/test_checkpointing_service.py::test_checkpoint_file_persistence PASSED
tests/test_checkpointing_service.py::test_multiple_checkpoints_for_task PASSED
tests/test_checkpointing_service.py::test_get_latest_checkpoint PASSED
tests/test_checkpointing_service.py::test_get_latest_checkpoint_no_checkpoints PASSED
tests/test_checkpointing_service.py::test_checkpoint_with_plan PASSED
tests/test_checkpointing_service.py::test_checkpoint_with_safety PASSED
tests/test_checkpointing_service.py::test_checkpoint_with_confirmation PASSED
tests/test_checkpointing_service.py::test_checkpoint_with_execution PASSED
tests/test_checkpointing_service.py::test_checkpoint_with_routing PASSED
tests/test_checkpointing_service.py::test_restore_state_with_confirmation PASSED
tests/test_checkpointing_service.py::test_restore_state_with_paused PASSED
tests/test_checkpointing_service.py::test_checkpoint_cleanup PASSED
tests/test_confirmation_node.py::test_confirmation_node_exists PASSED
tests/test_confirmation_node.py::test_resume_from_confirmation_exists PASSED
tests/test_confirmation_node.py::test_confirmation_node_creates_human_intervention PASSED
tests/test_confirmation_node.py::test_confirmation_node_sets_paused PASSED
tests/test_confirmation_node.py::test_confirmation_node_creates_checkpoint PASSED
tests/test_confirmation_node.py::test_confirmation_node_returns_checkpoint_identifier PASSED
tests/test_confirmation_node.py::test_confirmation_node_returns_paused PASSED
tests/test_confirmation_node.py::test_confirmation_node_history_tracking PASSED
tests/test_confirmation_node.py::test_confirmation_node_intervention_type PASSED
tests/test_confirmation_node.py::test_confirmation_node_context PASSED
tests/test_confirmation_node.py::test_resume_from_confirmation_confirm PASSED
tests/test_confirmation_node.py::test_resume_from_confirmation_deny PASSED
tests/test_confirmation_node.py::test_resume_from_confirmation_without_confirmation PASSED
tests/test_confirmation_node.py::test_resume_from_confirmation_history_tracking PASSED
tests/test_confirmation_node.py::test_resume_from_confirmation_returns_state_update PASSED
tests/test_confirmation_node.py::test_confirmation_checkpoint_can_be_loaded PASSED
tests/test_confirmation_node.py::test_confirmation_checkpoint_state_restoration PASSED
tests/test_confirmation_node.py::test_confirmation_checkpoint_preserves_paused_state PASSED
tests/test_confirmation_node.py::test_complete_pause_resume_flow PASSED
tests/test_context_knowledge_integration.py::test_observe_node_integrates_window_detector PASSED
tests/test_context_knowledge_integration.py::test_observe_node_integrates_app_classifier PASSED
tests/test_context_knowledge_integration.py::test_observe_node_integrates_state_extractor PASSED
tests/test_context_knowledge_integration.py::test_observe_node_integrates_focus_tracker PASSED
tests/test_context_knowledge_integration.py::test_observe_node_integrates_context_validator PASSED
tests/test_context_knowledge_integration.py::test_observe_node_context_snapshot_structure PASSED
tests/test_context_knowledge_integration.py::test_observe_node_recovery_observation PASSED
tests/test_context_knowledge_integration.py::test_observe_node_postcondition_checking PASSED
tests/test_context_knowledge_integration.py::test_retrieve_knowledge_node_integrates_long_term_memory PASSED
tests/test_context_knowledge_integration.py::test_retrieve_knowledge_node_integrates_session_memory PASSED
tests/test_context_knowledge_integration.py::test_retrieve_knowledge_node_integrates_vector_store PASSED
tests/test_context_knowledge_integration.py::test_retrieve_knowledge_node_integrates_retriever PASSED
tests/test_context_knowledge_integration.py::test_retrieve_knowledge_node_knowledge_context_structure PASSED
tests/test_context_knowledge_integration.py::test_retrieve_knowledge_node_without_intent PASSED
tests/test_context_knowledge_integration.py::test_retrieve_knowledge_node_provenance_tracking PASSED
tests/test_context_knowledge_integration.py::test_gather_context_snapshot_handles_import_errors PASSED
tests/test_context_knowledge_integration.py::test_gather_context_snapshot_returns_default_values PASSED
tests/test_context_knowledge_integration.py::test_check_postconditions_without_plan PASSED
tests/test_context_knowledge_integration.py::test_check_postconditions_file_existence PASSED
tests/test_context_knowledge_integration.py::test_check_postconditions_directory_existence PASSED
tests/test_executor_integration.py::test_execute_step_node_integrates_tool_registry PASSED
tests/test_executor_integration.py::test_execute_step_node_handles_missing_step PASSED
tests/test_executor_integration.py::test_execute_step_node_retry_logic SKIPPED
tests/test_executor_integration.py::test_execute_step_node_fallback_logic SKIPPED
tests/test_executor_integration.py::test_execute_step_node_retryable_error_detection SKIPPED
tests/test_executor_integration.py::test_execute_step_node_method_to_tool_mapping SKIPPED
tests/test_executor_integration.py::test_execute_step_node_trace_event_collection PASSED
tests/test_executor_integration.py::test_execute_step_node_plan_progress_update PASSED
tests/test_executor_integration.py::test_execute_step_node_error_handling PASSED
tests/test_executor_integration.py::test_execute_single_attempt SKIPPED
tests/test_executor_integration.py::test_execute_placeholder PASSED
tests/test_executor_integration.py::test_execute_step_node_graceful_degradation PASSED
tests/test_graph_foundation.py::test_graph_can_be_imported PASSED
tests/test_graph_foundation.py::test_graph_builder_exists PASSED
tests/test_graph_foundation.py::test_graph_runner_exists PASSED
tests/test_graph_foundation.py::test_graph_runner_instance_exists PASSED
tests/test_graph_foundation.py::test_intake_node_exists PASSED
tests/test_graph_foundation.py::test_observe_node_exists PASSED
tests/test_graph_foundation.py::test_finalize_node_exists PASSED
tests/test_graph_foundation.py::test_intake_node_with_state PASSED
tests/test_graph_foundation.py::test_observe_node_with_state PASSED
tests/test_graph_foundation.py::test_finalize_node_with_state PASSED
tests/test_graph_foundation.py::test_runtime_adapter_exists PASSED
tests/test_graph_foundation.py::test_runtime_adapter_instance_exists PASSED
tests/test_graph_foundation.py::test_runtime_adapter_can_create_task_request PASSED
tests/test_graph_foundation.py::test_runtime_adapter_get_graph_status PASSED
tests/test_graph_foundation.py::test_runtime_adapter_graph_disabled_by_default PASSED
tests/test_graph_foundation.py::test_node_sequence PASSED
tests/test_graph_foundation.py::test_state_history_tracking PASSED
tests/test_graph_foundation.py::test_state_timestamp_updates PASSED
tests/test_graph_foundation.py::test_graph_package_structure PASSED
tests/test_graph_foundation.py::test_nodes_package_structure PASSED
tests/test_graph_nodes.py::test_intake_node_exists PASSED
tests/test_graph_nodes.py::test_intake_node_processes_user_input PASSED
tests/test_graph_nodes.py::test_intake_node_history_tracking PASSED
tests/test_graph_nodes.py::test_intake_node_returns_field_update PASSED
tests/test_graph_nodes.py::test_observe_node_exists PASSED
tests/test_graph_nodes.py::test_observe_node_gathers_context PASSED
tests/test_graph_nodes.py::test_observe_node_history_tracking PASSED
tests/test_graph_nodes.py::test_observe_node_returns_field_update PASSED
tests/test_graph_nodes.py::test_analyze_intent_node_exists PASSED
tests/test_graph_nodes.py::test_analyze_intent_node_determines_intent PASSED
tests/test_graph_nodes.py::test_analyze_intent_node_history_tracking PASSED
tests/test_graph_nodes.py::test_analyze_intent_node_returns_field_update PASSED
tests/test_graph_nodes.py::test_retrieve_knowledge_node_exists PASSED
tests/test_graph_nodes.py::test_retrieve_knowledge_node_fetches_information PASSED
tests/test_graph_nodes.py::test_retrieve_knowledge_node_history_tracking PASSED
tests/test_graph_nodes.py::test_retrieve_knowledge_node_returns_field_update PASSED
tests/test_graph_nodes.py::test_create_plan_node_exists PASSED
tests/test_graph_nodes.py::test_create_plan_node_generates_plan PASSED
tests/test_graph_nodes.py::test_create_plan_node_history_tracking PASSED
tests/test_graph_nodes.py::test_create_plan_node_returns_field_update PASSED
tests/test_graph_nodes.py::test_route_node_exists PASSED
tests/test_graph_nodes.py::test_route_node_selects_method PASSED
tests/test_graph_nodes.py::test_route_node_history_tracking PASSED
tests/test_graph_nodes.py::test_route_node_returns_field_update PASSED
tests/test_graph_nodes.py::test_execute_step_node_exists PASSED
tests/test_graph_nodes.py::test_execute_step_node_performs_action PASSED
tests/test_graph_nodes.py::test_execute_step_node_history_tracking PASSED
tests/test_graph_nodes.py::test_execute_step_node_returns_field_update PASSED
tests/test_graph_nodes.py::test_verify_step_node_exists PASSED
tests/test_graph_nodes.py::test_verify_step_node_validates_execution PASSED
tests/test_graph_nodes.py::test_verify_step_node_history_tracking PASSED
tests/test_graph_nodes.py::test_verify_step_node_returns_field_update PASSED
tests/test_graph_nodes.py::test_finalize_node_exists PASSED
tests/test_graph_nodes.py::test_finalize_node_produces_final_result PASSED
tests/test_graph_nodes.py::test_finalize_node_history_tracking PASSED
tests/test_graph_nodes.py::test_finalize_node_returns_field_update PASSED
tests/test_graph_nodes.py::test_node_sequence_intake_to_observe PASSED
tests/test_graph_nodes.py::test_node_sequence_full_workflow PASSED
tests/test_idempotency_safe_execution.py::test_idempotent_operation_safe_to_retry PASSED
tests/test_idempotency_safe_execution.py::test_non_idempotent_operation_not_safe_to_retry PASSED
tests/test_idempotency_safe_execution.py::test_destructive_side_effect_not_safe_to_retry PASSED
tests/test_idempotency_safe_execution.py::test_external_commit_side_effect_not_safe_to_retry PASSED
tests/test_idempotency_safe_execution.py::test_limited_side_effect_safe_to_retry PASSED
tests/test_idempotency_safe_execution.py::test_non_reversible_operation_caution PASSED
tests/test_idempotency_safe_execution.py::test_no_plan_not_safe_to_retry PASSED
tests/test_idempotency_safe_execution.py::test_invalid_step_index_not_safe_to_retry PASSED
tests/test_idempotency_safe_execution.py::test_uncertain_outcome_status_in_verification_result PASSED
tests/test_idempotency_safe_execution.py::test_non_idempotent_failure_triggers_uncertain_outcome PASSED
tests/test_idempotency_safe_execution.py::test_destructive_side_effect_failure_triggers_uncertain_outcome PASSED
tests/test_idempotency_safe_execution.py::test_external_commit_failure_triggers_uncertain_outcome PASSED
tests/test_idempotency_safe_execution.py::test_idempotent_operation_failure_does_not_trigger_uncertain_outcome PASSED
tests/test_idempotency_safe_execution.py::test_postcondition_check_function PASSED
tests/test_idempotency_safe_execution.py::test_postcondition_check_with_verified_verification PASSED
tests/test_idempotency_safe_execution.py::test_postcondition_check_without_plan PASSED
tests/test_idempotency_safe_execution.py::test_observe_node_recovery_observation PASSED
tests/test_idempotency_safe_execution.py::test_observe_node_initial_observation PASSED
tests/test_idempotency_safe_execution.py::test_transient_failure_with_idempotent_step_retries PASSED
tests/test_idempotency_safe_execution.py::test_transient_failure_with_non_idempotent_step_observes PASSED
tests/test_idempotency_safe_execution.py::test_transient_failure_with_destructive_side_effect_observes PASSED
tests/test_idempotency_safe_execution.py::test_transient_failure_with_external_commit_observes PASSED
tests/test_idempotency_safe_execution.py::test_graph_conditional_routing_uncertain_outcome PASSED
tests/test_idempotency_safe_execution.py::test_graph_conditional_routing_verified PASSED
tests/test_idempotency_safe_execution.py::test_graph_conditional_routing_failed PASSED
tests/test_idempotency_safe_execution.py::test_graph_conditional_routing_uncertain PASSED
tests/test_learning_integration.py::test_learning_integration_initialization PASSED
tests/test_learning_integration.py::test_learning_integration_connects_to_existing_learner PASSED
tests/test_learning_integration.py::test_collect_performance_feedback PASSED
tests/test_learning_integration.py::test_collect_performance_feedback_multiple PASSED
tests/test_learning_integration.py::test_get_historical_method_ranking PASSED
tests/test_learning_integration.py::test_apply_learning_adjustment_boost PASSED
tests/test_learning_integration.py::test_apply_learning_adjustment_penalty PASSED
tests/test_learning_integration.py::test_apply_learning_adjustment_bounded PASSED
tests/test_learning_integration.py::test_apply_learning_adjustment_clamped PASSED
tests/test_learning_integration.py::test_get_performance_summary PASSED
tests/test_learning_integration.py::test_get_performance_summary_empty PASSED
tests/test_learning_integration.py::test_get_performance_summary_by_method PASSED
tests/test_learning_integration.py::test_get_learning_integration_singleton PASSED
tests/test_learning_integration.py::test_execute_step_node_collects_performance_feedback PASSED
tests/test_learning_integration.py::test_candidate_discovery_applies_learning_adjustments PASSED
tests/test_learning_integration.py::test_candidate_discovery_learning_adjustments_graceful_degradation PASSED
tests/test_migration_baseline.py::test_baseline_registry_can_be_created PASSED
tests/test_migration_baseline.py::test_baseline_can_be_established PASSED
tests/test_migration_baseline.py::test_baseline_is_persisted PASSED
tests/test_migration_baseline.py::test_baseline_has_critical_workflows PASSED
tests/test_migration_baseline.py::test_feature_flags_default_to_false SKIPPED
tests/test_migration_baseline.py::test_feature_flags_safety_strict_mode_defaults_true PASSED
tests/test_migration_baseline.py::test_feature_flags_can_be_overridden SKIPPED
tests/test_migration_baseline.py::test_feature_flags_migration_phase_detection SKIPPED
tests/test_migration_baseline.py::test_feature_flags_get_all_flags PASSED
tests/test_migration_baseline.py::test_task_request_contract PASSED
tests/test_migration_baseline.py::test_intent_result_contract PASSED
tests/test_migration_baseline.py::test_context_snapshot_contract PASSED
tests/test_migration_baseline.py::test_plan_and_plan_step_contracts PASSED
tests/test_migration_baseline.py::test_routing_candidate_contract PASSED
tests/test_migration_baseline.py::test_method_decision_contract PASSED
tests/test_migration_baseline.py::test_safety_decision_contract PASSED
tests/test_migration_baseline.py::test_execution_result_contract PASSED
tests/test_migration_baseline.py::test_verification_result_contract PASSED
tests/test_migration_baseline.py::test_recovery_decision_contract PASSED
tests/test_migration_baseline.py::test_reflection_result_contract PASSED
tests/test_migration_baseline.py::test_final_result_contract PASSED
tests/test_migration_baseline.py::test_operonix_state_creation PASSED
tests/test_migration_baseline.py::test_operonix_state_status_tracking PASSED
tests/test_migration_baseline.py::test_operonix_state_history_logging PASSED
tests/test_migration_baseline.py::test_checkpoint_state_creation PASSED
tests/test_migration_baseline.py::test_intent_result_confidence_validation PASSED
tests/test_migration_baseline.py::test_routing_candidate_score_validation PASSED
tests/test_migration_baseline.py::test_plan_step_idempotency_validation PASSED
tests/test_migration_baseline.py::test_migration_package_imports PASSED
tests/test_migration_baseline.py::test_domain_contracts_serialization PASSED
tests/test_observability_execution_trace.py::test_trace_event_type_enum PASSED
tests/test_observability_execution_trace.py::test_trace_event_domain_object PASSED
tests/test_observability_execution_trace.py::test_trace_event_with_node_name PASSED
tests/test_observability_execution_trace.py::test_observability_event_domain_object PASSED
tests/test_observability_execution_trace.py::test_observability_event_with_metadata PASSED
tests/test_observability_execution_trace.py::test_execution_trace_domain_object PASSED
tests/test_observability_execution_trace.py::test_execution_trace_add_event PASSED
tests/test_observability_execution_trace.py::test_execution_trace_get_events_by_type PASSED
tests/test_observability_execution_trace.py::test_execution_trace_reconstruct_timeline PASSED
tests/test_observability_execution_trace.py::test_execution_trace_end_trace PASSED
tests/test_observability_execution_trace.py::test_event_bus_init PASSED
tests/test_observability_execution_trace.py::test_event_bus_subscribe PASSED
tests/test_observability_execution_trace.py::test_event_bus_publish PASSED
tests/test_observability_execution_trace.py::test_event_bus_create_and_publish PASSED
tests/test_observability_execution_trace.py::test_event_bus_get_event_history PASSED
tests/test_observability_execution_trace.py::test_event_bus_clear_history PASSED
tests/test_observability_execution_trace.py::test_event_bus_clear_history_for_task PASSED
tests/test_observability_execution_trace.py::test_event_bus_unsubscribe PASSED
tests/test_observability_execution_trace.py::test_trace_collector_init PASSED
tests/test_observability_execution_trace.py::test_trace_collector_start_trace PASSED
tests/test_observability_execution_trace.py::test_trace_collector_end_trace PASSED
tests/test_observability_execution_trace.py::test_trace_collector_add_trace_event PASSED
tests/test_observability_execution_trace.py::test_trace_collector_get_trace PASSED
tests/test_observability_execution_trace.py::test_trace_collector_collect_request PASSED
tests/test_observability_execution_trace.py::test_trace_collector_collect_intent PASSED
tests/test_observability_execution_trace.py::test_trace_collector_collect_context PASSED
tests/test_observability_execution_trace.py::test_trace_collector_collect_retrieved_knowledge PASSED
tests/test_observability_execution_trace.py::test_trace_collector_collect_plan PASSED
tests/test_observability_execution_trace.py::test_trace_collector_collect_routing_candidates PASSED
tests/test_observability_execution_trace.py::test_trace_collector_collect_routing_decision PASSED
tests/test_observability_execution_trace.py::test_trace_collector_collect_safety_decision PASSED
tests/test_observability_execution_trace.py::test_trace_collector_collect_execution_attempt PASSED
tests/test_observability_execution_trace.py::test_trace_collector_collect_observation PASSED
tests/test_observability_execution_trace.py::test_trace_collector_collect_verification PASSED
tests/test_observability_execution_trace.py::test_trace_collector_collect_recovery PASSED
tests/test_observability_execution_trace.py::test_trace_collector_collect_reflection PASSED
tests/test_observability_execution_trace.py::test_trace_collector_collect_final_outcome PASSED
tests/test_observability_execution_trace.py::test_intake_node_collects_trace PASSED
tests/test_observability_execution_trace.py::test_analyze_intent_node_collects_trace PASSED
tests/test_observability_execution_trace.py::test_create_plan_node_collects_trace PASSED
tests/test_phase4_vertical_slice.py::test_retrieve_knowledge_node_exists PASSED
tests/test_phase4_vertical_slice.py::test_route_node_exists PASSED
tests/test_phase4_vertical_slice.py::test_safety_check_node_exists PASSED
tests/test_phase4_vertical_slice.py::test_execute_step_node_exists PASSED
tests/test_phase4_vertical_slice.py::test_verify_step_node_exists PASSED
tests/test_phase4_vertical_slice.py::test_retrieve_knowledge_node_with_state PASSED
tests/test_phase4_vertical_slice.py::test_route_node_with_state PASSED
tests/test_phase4_vertical_slice.py::test_safety_check_node_with_state PASSED
tests/test_phase4_vertical_slice.py::test_execute_step_node_with_state PASSED
tests/test_phase4_vertical_slice.py::test_verify_step_node_with_state PASSED
tests/test_phase4_vertical_slice.py::test_canonical_workflow_end_to_end PASSED
tests/test_phase4_vertical_slice.py::test_graph_topology_phase4 PASSED
tests/test_phase4_vertical_slice.py::test_state_flow_through_all_nodes PASSED
tests/test_phase4_vertical_slice.py::test_history_tracking_all_nodes PASSED
tests/test_phase4_vertical_slice.py::test_knowledge_context_domain_object PASSED
tests/test_phase4_vertical_slice.py::test_method_decision_domain_object PASSED
tests/test_phase4_vertical_slice.py::test_safety_decision_domain_object PASSED
tests/test_phase4_vertical_slice.py::test_execution_result_domain_object PASSED
tests/test_phase4_vertical_slice.py::test_verification_result_domain_object PASSED
tests/test_planning_integration.py::test_create_plan_node_exists PASSED
tests/test_planning_integration.py::test_create_plan_node_with_simple_request PASSED
tests/test_planning_integration.py::test_create_plan_node_with_complex_request PASSED
tests/test_planning_integration.py::test_create_plan_node_creates_valid_plan PASSED
tests/test_planning_integration.py::test_create_plan_node_creates_valid_plan_steps PASSED
tests/test_planning_integration.py::test_create_plan_node_idempotency_classification PASSED
tests/test_planning_integration.py::test_create_plan_node_side_effect_classification PASSED
tests/test_planning_integration.py::test_create_plan_node_history_tracking PASSED
tests/test_planning_integration.py::test_complexity_detection_with_langchain_enabled PASSED
tests/test_planning_integration.py::test_complexity_detection_with_langchain_disabled PASSED
tests/test_planning_integration.py::test_complex_plan_generation_with_langchain_enabled PASSED
tests/test_planning_integration.py::test_simple_plan_with_planner_integration PASSED
tests/test_planning_integration.py::test_plan_step_dependencies PASSED
tests/test_planning_integration.py::test_plan_step_idempotency_classification PASSED
tests/test_planning_integration.py::test_plan_step_side_effect_classification PASSED
tests/test_planning_integration.py::test_plan_step_reversibility PASSED
tests/test_planning_integration.py::test_plan_step_objectives PASSED
tests/test_planning_integration.py::test_is_complex_request_simple PASSED
tests/test_planning_integration.py::test_is_complex_request_complex PASSED
tests/test_planning_integration.py::test_is_complex_request_length_based PASSED
tests/test_planning_integration.py::test_generate_simple_plan PASSED
tests/test_planning_integration.py::test_generate_complex_plan PASSED
tests/test_planning_integration.py::test_graph_owns_current_step PASSED
tests/test_planning_integration.py::test_graph_owns_completed_steps PASSED
tests/test_planning_integration.py::test_graph_owns_workflow_position PASSED
tests/test_planning_integration.py::test_planner_owns_what_steps_are PASSED
tests/test_planning_integration.py::test_node_sequence_with_plan PASSED
tests/test_planning_integration.py::test_plan_domain_object_consumable PASSED
tests/test_plugin_integration.py::test_plugin_category_enum PASSED
tests/test_plugin_integration.py::test_plugin_permission_enum PASSED
tests/test_plugin_integration.py::test_capability_descriptor PASSED
tests/test_plugin_integration.py::test_capability_descriptor_to_dict PASSED
tests/test_plugin_integration.py::test_plugin_manifest PASSED
tests/test_plugin_integration.py::test_plugin_manifest_to_dict PASSED
tests/test_plugin_integration.py::test_plugin_manifest_from_dict PASSED
tests/test_plugin_integration.py::test_plugin_manifest_get_capability PASSED
tests/test_plugin_integration.py::test_plugin_manifest_has_capability PASSED
tests/test_plugin_integration.py::test_plugin_manifest_requires_permission PASSED
tests/test_plugin_integration.py::test_plugin_manifest_registry_initialization PASSED
tests/test_plugin_integration.py::test_plugin_manifest_registry_register_manifest PASSED
tests/test_plugin_integration.py::test_plugin_manifest_registry_get_manifest PASSED
tests/test_plugin_integration.py::test_plugin_manifest_registry_get_manifest_not_found PASSED
tests/test_plugin_integration.py::test_plugin_manifest_registry_list_manifests PASSED
tests/test_plugin_integration.py::test_plugin_manifest_registry_get_all_manifests PASSED
tests/test_plugin_integration.py::test_plugin_manifest_registry_get_manifests_by_category PASSED
tests/test_plugin_integration.py::test_plugin_manifest_registry_get_capabilities_for_plugin PASSED
tests/test_plugin_integration.py::test_plugin_manifest_registry_get_all_capabilities PASSED
tests/test_plugin_integration.py::test_candidate_discovery_syncs_from_plugin_manifest PASSED
tests/test_plugin_integration.py::test_plugin_adapter_checks_permissions PASSED
tests/test_plugin_integration.py::test_plugin_adapter_without_manifest PASSED
tests/test_plugin_integration.py::test_plugin_tester_initialization PASSED
tests/test_plugin_integration.py::test_plugin_tester_add_test_case PASSED
tests/test_plugin_integration.py::test_plugin_tester_run_test PASSED
tests/test_plugin_integration.py::test_plugin_tester_run_all_tests PASSED
tests/test_plugin_integration.py::test_plugin_tester_get_test_summary PASSED
tests/test_plugin_integration.py::test_plugin_tester_validate_manifest PASSED
tests/test_plugin_integration.py::test_plugin_tester_validate_manifest_missing_fields PASSED
tests/test_plugin_integration.py::test_plugin_tester_test_capability PASSED
tests/test_plugin_integration.py::test_plugin_test_suite_initialization PASSED
tests/test_plugin_integration.py::test_plugin_test_suite_add_plugin PASSED
tests/test_plugin_integration.py::test_plugin_test_suite_run_all_tests PASSED
tests/test_plugin_integration.py::test_plugin_test_suite_get_aggregated_summary PASSED
tests/test_plugin_integration.py::test_get_plugin_manifest_registry PASSED
tests/test_plugin_integration.py::test_get_plugin_test_suite PASSED
tests/test_reflection_node.py::test_reflection_node_exists PASSED
tests/test_reflection_node.py::test_reflection_node_with_successful_execution PASSED
tests/test_reflection_node.py::test_reflection_node_with_failed_execution PASSED
tests/test_reflection_node.py::test_reflection_node_without_execution PASSED
tests/test_reflection_node.py::test_reflection_node_history_tracking PASSED
tests/test_reflection_node.py::test_reflection_node_with_verification PASSED
tests/test_reflection_node.py::test_reflection_node_with_failed_verification PASSED
tests/test_reflection_node.py::test_reflection_node_with_recovery PASSED
tests/test_reflection_node.py::test_reflection_node_with_failed_recovery PASSED
tests/test_reflection_node.py::test_reflection_node_trace_collection PASSED
tests/test_reflection_node.py::test_reflection_node_outcome_grade_mapping PASSED
tests/test_reflection_node.py::test_reflection_node_partial_outcome PASSED
tests/test_reflection_node.py::test_reflection_node_returns_state_update PASSED
tests/test_reflection_node.py::test_reflection_node_with_routing_decision PASSED
tests/test_reflection_node.py::test_reflection_result_structure PASSED
tests/test_reflection_node.py::test_reflection_result_failure_category PASSED
tests/test_runtime_adapter.py::test_runtime_adapter_exists PASSED
tests/test_runtime_adapter.py::test_runtime_adapter_instantiation PASSED
tests/test_runtime_adapter.py::test_runtime_adapter_global_instance PASSED
tests/test_runtime_adapter.py::test_runtime_adapter_is_graph_enabled PASSED
tests/test_runtime_adapter.py::test_runtime_adapter_get_graph_status PASSED
tests/test_runtime_adapter.py::test_runtime_adapter_create_task_request PASSED
tests/test_runtime_adapter.py::test_runtime_adapter_create_task_request_without_metadata PASSED
tests/test_runtime_adapter.py::test_runtime_adapter_create_task_request_different_sources PASSED
tests/test_runtime_adapter.py::test_runtime_adapter_graph_runner_initialization PASSED
tests/test_runtime_adapter.py::test_runtime_adapter_execute_task_with_graph_disabled PASSED
tests/test_runtime_adapter.py::test_runtime_adapter_execute_task_with_graph_enabled PASSED
tests/test_runtime_adapter.py::test_runtime_adapter_execute_task_auto_select PASSED
tests/test_runtime_adapter.py::test_runtime_adapter_status_fields PASSED
tests/test_runtime_adapter.py::test_runtime_adapter_all_flags_dict PASSED
tests/test_runtime_adapter.py::test_runtime_adapter_task_request_unique_ids PASSED
tests/test_runtime_adapter.py::test_runtime_adapter_task_request_timestamp PASSED
tests/test_runtime_adapter.py::test_runtime_adapter_execute_task_error_handling PASSED
tests/test_runtime_adapter.py::test_runtime_adapter_graph_unavailable_fallback PASSED
tests/test_safety_check_integration.py::test_safety_check_node_integrates_risk_rules PASSED
tests/test_safety_check_integration.py::test_safety_check_node_integrates_permission_guard PASSED
tests/test_safety_check_integration.py::test_safety_check_node_integrates_validator PASSED
tests/test_safety_check_integration.py::test_safety_check_node_high_risk_requires_confirmation PASSED
tests/test_safety_check_integration.py::test_safety_check_node_forbidden_pattern_rejection PASSED
tests/test_safety_check_integration.py::test_safety_check_node_without_plan PASSED
tests/test_safety_check_integration.py::test_safety_check_node_trace_event_collection PASSED
tests/test_safety_check_integration.py::test_safety_check_node_file_operation_risk PASSED
tests/test_safety_check_integration.py::test_safety_check_node_web_operation_risk PASSED
tests/test_safety_check_integration.py::test_safety_check_node_graceful_degradation PASSED
tests/test_safety_check_integration.py::test_safety_check_node_safety_checks_performed_tracking PASSED
tests/test_safety_check_integration.py::test_safety_check_node_additional_info PASSED
tests/test_safety_check_integration.py::test_confirmation_node_creates_human_intervention PASSED
tests/test_safety_check_integration.py::test_confirmation_node_creates_checkpoint PASSED
tests/test_safety_check_integration.py::test_resume_from_confirmation PASSED
tests/test_safety_check_node.py::test_destructive_keywords_list PASSED
tests/test_safety_check_node.py::test_detect_destructive_operation_delete PASSED
tests/test_safety_check_node.py::test_detect_destructive_operation_format PASSED
tests/test_safety_check_node.py::test_detect_destructive_operation_rm PASSED
tests/test_safety_check_node.py::test_detect_destructive_operation_case_insensitive PASSED
tests/test_safety_check_node.py::test_detect_destructive_operation_none PASSED
tests/test_safety_check_node.py::test_detect_destructive_operation_empty PASSED
tests/test_safety_check_node.py::test_detect_destructive_operation_safe PASSED
tests/test_safety_check_node.py::test_detect_destructive_operation_multiple_keywords PASSED
tests/test_safety_check_node.py::test_safety_check_node_exists PASSED
tests/test_safety_check_node.py::test_safety_check_node_with_destructive_user_input PASSED
tests/test_safety_check_node.py::test_safety_check_node_with_format_disk PASSED
tests/test_safety_check_node.py::test_safety_check_node_with_safe_operation PASSED
tests/test_safety_check_node.py::test_safety_check_node_with_plan_step_destructive PASSED
tests/test_safety_check_node.py::test_safety_check_node_history_tracking PASSED
tests/test_safety_check_node.py::test_safety_check_node_with_force_confirmation_env PASSED
tests/test_safety_check_node.py::test_safety_check_node_without_force_confirmation_env PASSED
tests/test_safety_check_node.py::test_safety_check_risk_levels PASSED
tests/test_safety_check_node.py::test_safety_check_permission_granted PASSED
tests/test_safety_check_node.py::test_safety_check_forbidden_pattern_node_modules PASSED
tests/test_safety_check_node.py::test_safety_check_checks_performed PASSED
tests/test_tool_adapter_architecture.py::test_operonix_tool_adapter_abstract PASSED
tests/test_tool_adapter_architecture.py::test_operonix_tool_adapter_validate_input_default PASSED
tests/test_tool_adapter_architecture.py::test_operonix_tool_adapter_sanitize_output_default PASSED
tests/test_tool_adapter_architecture.py::test_base_tool_adapter_initialization PASSED
tests/test_tool_adapter_architecture.py::test_base_tool_adapter_execute_success PASSED
tests/test_tool_adapter_architecture.py::test_base_tool_adapter_execute_error PASSED
tests/test_tool_adapter_architecture.py::test_base_tool_adapter_validate_input_failure PASSED
tests/test_tool_adapter_architecture.py::test_base_tool_adapter_get_schema PASSED
tests/test_tool_adapter_architecture.py::test_plugin_adapter_initialization PASSED
tests/test_tool_adapter_architecture.py::test_plugin_adapter_execute_success PASSED
tests/test_tool_adapter_architecture.py::test_plugin_adapter_get_schema PASSED
tests/test_tool_adapter_architecture.py::test_capability_adapter_initialization PASSED
tests/test_tool_adapter_architecture.py::test_capability_adapter_execute_success PASSED
tests/test_tool_adapter_architecture.py::test_capability_adapter_get_schema PASSED
tests/test_tool_adapter_architecture.py::test_tool_adapter_registry_initialization PASSED
tests/test_tool_adapter_architecture.py::test_tool_adapter_registry_register_adapter PASSED
tests/test_tool_adapter_architecture.py::test_tool_adapter_registry_get_adapter PASSED
tests/test_tool_adapter_architecture.py::test_tool_adapter_registry_get_adapter_not_found PASSED
tests/test_tool_adapter_architecture.py::test_tool_adapter_registry_list_adapters PASSED
tests/test_tool_adapter_architecture.py::test_tool_adapter_registry_get_all_schemas PASSED
tests/test_tool_adapter_architecture.py::test_operonix_langchain_tool_initialization PASSED
tests/test_tool_adapter_architecture.py::test_operonix_langchain_tool_run_success PASSED
tests/test_tool_adapter_architecture.py::test_operonix_langchain_tool_run_error PASSED
tests/test_tool_adapter_architecture.py::test_operonix_langchain_tool_arun PASSED
tests/test_tool_adapter_architecture.py::test_langchain_tool_factory_initialization PASSED
tests/test_tool_adapter_architecture.py::test_langchain_tool_factory_create_tool PASSED
tests/test_tool_adapter_architecture.py::test_langchain_tool_factory_create_tools_from_registry PASSED
tests/test_tool_adapter_architecture.py::test_langchain_tool_factory_create_tool_list PASSED
tests/test_tool_adapter_architecture.py::test_get_tool_adapter_registry PASSED
tests/test_tool_adapter_architecture.py::test_get_langchain_tool_factory PASSED
tests/test_tool_adapter_architecture.py::test_get_langchain_tools PASSED
tests/test_verification_recovery.py::test_verify_step_node_import PASSED
tests/test_verification_recovery.py::test_verify_step_executor_success_vs_postcondition PASSED
tests/test_verification_recovery.py::test_verify_step_executor_failure PASSED
tests/test_verification_recovery.py::test_verify_step_no_execution_result PASSED
tests/test_verification_recovery.py::test_verify_step_execution_result_failure_flag PASSED
tests/test_verification_recovery.py::test_verify_step_history_tracking PASSED
tests/test_verification_recovery.py::test_verify_result_domain_object PASSED
tests/test_verification_recovery.py::test_recover_node_import PASSED
tests/test_verification_recovery.py::test_recover_node_transient_failure PASSED
tests/test_verification_recovery.py::test_recover_node_context_mismatch PASSED
tests/test_verification_recovery.py::test_recover_node_routing_mismatch PASSED
tests/test_verification_recovery.py::test_recover_node_tool_unavailable PASSED
tests/test_verification_recovery.py::test_recover_node_planning_error PASSED
tests/test_verification_recovery.py::test_recover_node_permission_denied PASSED
tests/test_verification_recovery.py::test_recover_node_max_retries PASSED
tests/test_verification_recovery.py::test_recover_node_history_tracking PASSED
tests/test_verification_recovery.py::test_recovery_decision_domain_object PASSED
tests/test_verification_recovery.py::test_failure_category_enum PASSED
tests/test_verification_recovery.py::test_recovery_strategy_enum PASSED
tests/test_verification_recovery.py::test_error_semantics_transient_failure PASSED
tests/test_verification_recovery.py::test_error_semantics_context_mismatch PASSED
tests/test_verification_recovery.py::test_error_semantics_routing_mismatch PASSED
tests/test_verification_recovery.py::test_error_semantics_tool_unavailable PASSED
tests/test_verification_recovery.py::test_error_semantics_verification_failure PASSED
tests/test_verification_recovery.py::test_error_semantics_planning_failure PASSED
tests/test_verification_recovery.py::test_recovery_mapping_transient_to_retry PASSED
tests/test_verification_recovery.py::test_recovery_mapping_context_mismatch_to_observe PASSED
tests/test_verification_recovery.py::test_recovery_mapping_routing_mismatch_to_route PASSED
tests/test_verification_recovery.py::test_recovery_mapping_tool_unavailable_to_route PASSED
tests/test_verification_recovery.py::test_recovery_mapping_planning_error_to_replan PASSED
tests/test_verification_recovery.py::test_recovery_mapping_permission_denied_to_abort PASSED
tests/test_verification_recovery.py::test_recovery_mapping_unknown_to_abort PASSED
tests/test_workflow_integration.py::test_graph_can_be_built PASSED
tests/test_workflow_integration.py::test_graph_has_nodes PASSED
tests/test_workflow_integration.py::test_graph_can_be_compiled PASSED
tests/test_workflow_integration.py::test_graph_execution_simple_task PASSED
tests/test_workflow_integration.py::test_graph_execution_with_state PASSED
tests/test_workflow_integration.py::test_graph_execution_multiple_steps PASSED
tests/test_workflow_integration.py::test_state_transitions PASSED
tests/test_workflow_integration.py::test_state_mutation PASSED
tests/test_workflow_integration.py::test_pause_workflow PASSED
tests/test_workflow_integration.py::test_resume_workflow PASSED
tests/test_workflow_integration.py::test_cancellation_workflow PASSED
tests/test_workflow_integration.py::test_error_handling_in_nodes PASSED
tests/test_workflow_integration.py::test_error_recovery PASSED
tests/test_workflow_integration.py::test_final_result_generation PASSED
tests/test_workflow_integration.py::test_final_result_structure PASSED
tests/test_workflow_integration.py::test_runtime_adapter_graph_integration PASSED
tests/test_workflow_integration.py::test_runtime_adapter_auto_select PASSED
tests/test_workflow_integration.py::test_graph_respects_feature_flags PASSED
tests/test_workflow_integration.py::test_graph_status_includes_flags PASSED
tests/test_workflow_integration.py::test_end_to_end_simple_workflow PASSED
tests/test_workflow_integration.py::test_end_to_end_workflow_with_error PASSED

=============================== warnings summary ===============================
operonix/lib/python3.12/site-packages/pydantic/_internal/_generate_schema.py:325: 28 warnings
  /home/muhammad-mohid-abbas/Desktop/Hanan/GitHub/Operonix/operonix/lib/python3.12/site-packages/pydantic/_internal/_generate_schema.py:325: PydanticDeprecatedSince20: `json_encoders` is deprecated. See https://docs.pydantic.dev/2.13/concepts/serialization/#custom-serializers for alternatives. Deprecated in Pydantic V2.0 to be removed in V3.0. See Pydantic V2 Migration Guide at https://errors.pydantic.dev/2.13/migration/
    warnings.warn(

tests/test_ai_integration.py::test_langchain_adapter_can_be_instantiated
  /home/muhammad-mohid-abbas/Desktop/Hanan/GitHub/Operonix/ai/models/langchain_adapter.py:59: DeprecationWarning: `langchain-community` is being sunset and is no longer actively maintained. See https://github.com/langchain-ai/langchain-community/issues/674 for details and migration guidance toward standalone integration packages.
    from langchain_community.llms import Ollama

tests/test_learning_integration.py::test_collect_performance_feedback_multiple
tests/test_learning_integration.py::test_apply_learning_adjustment_penalty
tests/test_learning_integration.py::test_get_performance_summary_by_method
  /home/muhammad-mohid-abbas/Desktop/Hanan/GitHub/Operonix/graph/learning_integration.py:157: RuntimeWarning: coroutine 'PatternLearner._learn_from_routing_mismatch' was never awaited
    self.learner._learn_from_routing_mismatch(MockEvent(event_data))
  Enable tracemalloc to get traceback where the object was allocated.
  See https://docs.pytest.org/en/stable/how-to/capture-warnings.html#resource-warnings for more info.

-- Docs: https://docs.pytest.org/en/stable/how-to/capture-warnings.html
================ 603 passed, 10 skipped, 32 warnings in 16.88s =================
